<?xml version="1.0" encoding="UTF-8"?>
<!-- Generated by org.testng.reporters.JUnitReportReporter -->
<testsuite hostname="pkrvmubgrv54qmi" failures="1" tests="1" name="app.tests.e2e.E2E_InfiniteScroll_DragDrop_CsrfTest" time="3.689" errors="0" timestamp="2025-08-19T21:10:22 UTC" skipped="0">
  <testcase classname="app.tests.e2e.E2E_InfiniteScroll_DragDrop_CsrfTest" name="complexFlows" time="3.689">
    <failure message="
Expecting actual:
  &quot;Loading more items...&quot;
to contain:
  &quot;end&quot; " type="java.lang.AssertionError">
      <![CDATA[java.lang.AssertionError: 
Expecting actual:
  "Loading more items..."
to contain:
  "end" 
at app.tests.e2e.E2E_InfiniteScroll_DragDrop_CsrfTest.complexFlows(E2E_InfiniteScroll_DragDrop_CsrfTest.java:16)
at java.base/jdk.internal.reflect.NativeMethodAccessorImpl.invoke0(Native Method)
at java.base/jdk.internal.reflect.NativeMethodAccessorImpl.invoke(NativeMethodAccessorImpl.java:77)
at java.base/jdk.internal.reflect.DelegatingMethodAccessorImpl.invoke(DelegatingMethodAccessorImpl.java:43)
at java.base/java.lang.reflect.Method.invoke(Method.java:569)
at org.testng.internal.invokers.MethodInvocationHelper.invokeMethod(MethodInvocationHelper.java:139)
at org.testng.internal.invokers.TestInvoker.invokeMethod(TestInvoker.java:664)
at org.testng.internal.invokers.TestInvoker.invokeTestMethod(TestInvoker.java:228)
at org.testng.internal.invokers.MethodRunner.runInSequence(MethodRunner.java:63)
at org.testng.internal.invokers.TestInvoker$MethodInvocationAgent.invoke(TestInvoker.java:961)
at org.testng.internal.invokers.TestInvoker.invokeTestMethods(TestInvoker.java:201)
at org.testng.internal.invokers.TestMethodWorker.invokeTestMethods(TestMethodWorker.java:148)
at org.testng.internal.invokers.TestMethodWorker.run(TestMethodWorker.java:128)
at java.base/java.util.concurrent.Executors$RunnableAdapter.call(Executors.java:539)
at java.base/java.util.concurrent.FutureTask.run(FutureTask.java:264)
at org.testng.internal.thread.graph.TestNGFutureTask.run(TestNGFutureTask.java:22)
at java.base/java.util.concurrent.ThreadPoolExecutor.runWorker(ThreadPoolExecutor.java:1136)
at java.base/java.util.concurrent.ThreadPoolExecutor$Worker.run(ThreadPoolExecutor.java:635)
at java.base/java.lang.Thread.run(Thread.java:840)
]]>
    </failure>
  </testcase> <!-- complexFlows -->
</testsuite> <!-- app.tests.e2e.E2E_InfiniteScroll_DragDrop_CsrfTest -->
